FILE    : 03_Batch.BTP                       Mar  4/2026
MOF Forest Analysis and Inventory Branch     BatchTIPSY Version 4.7
                                             SINDEX Version 1.54

     21000  0.0   0.0     0.0      0   0.0     0.0      0   0   0      0 
     21000  0.0  10.0     0.0      0   0.0     0.8    749   3   0      7 
     21000  0.0  20.0     0.0      0   0.5     2.0    731   7   0     10 
     21000  0.0  30.0     0.0      1   4.0     3.7    712  12   0     19 
     21000  0.0  40.0     0.0      4   5.1     5.4    696  18   0     17 
     21000  0.0  50.0     0.1     10   7.0     7.0    683  25   0     13 
     21000  0.0  60.0     1.2     17   9.2     8.5    672  33   0      3 
     21000  0.0  70.0     5.1     27  10.8     9.9    664  40  73      1 
     21000  0.0  80.0    16.0     39  12.5    11.1    658  46  75      0 
     21000  0.0  90.0    27.8     52  13.9    12.1    652  50  76      0 
     21000  0.0 100.0    40.6     66  15.1    13.0    648  53  77      0 
     21000  0.0 110.0    52.7     79  16.1    13.8    644  56  77      0 
     21000  0.0 120.0    64.3     92  17.0    14.5    640  58  77      0 
     21000  0.0 130.0    74.6    103  17.7    15.1    636  59  77      0 
     21000  0.0 140.0    83.6    114  18.4    15.6    632  60  76      0 
     21000  0.0 150.0    91.3    123  18.9    16.0    629  60  76      0 
     21000  0.0 160.0    98.4    132  19.3    16.4    625  61  75      0 
     21000  0.0 170.0   104.5    139  19.7    16.7    621  61  75      0 
     21000  0.0 180.0   109.8    146  20.0    16.9    618  61  74      0 
     21000  0.0 190.0   114.1    151  20.3    17.2    614  61  74      0 
     21000  0.0 200.0   116.8    156  20.5    17.4    608  60  73      0 
     21000  0.0 210.0   119.1    160  20.7    17.5    602  60  73      0 
     21000  0.0 220.0   121.0    164  20.8    17.7    597  60  73      0 
     21000  0.0 230.0   122.7    167  20.9    17.8    592  60  72      0 
     21000  0.0 240.0   124.2    170  21.1    17.9    589  59  72      0 
     21000  0.0 250.0   125.4    172  21.2    18.0    586  59  72      0 
     21000  0.0 260.0   126.5    174  21.2    18.0    583  59  72      0 
     21000  0.0 270.0   127.4    176  21.3    18.1    581  59  72      0 
     21000  0.0 280.0   128.2    177  21.4    18.2    579  59  71      0 
     21000  0.0 290.0   128.9    178  21.4    18.2    577  59  71      0 
     21000  0.0 300.0   128.9    178  21.4    18.2    577  59  71      0 
     21000  0.0 310.0   128.9    178  21.4    18.2    577  59  71      0 
     21000  0.0 320.0   128.9    178  21.4    18.2    577  59  71      0 
     21000  0.0 330.0   128.9    178  21.4    18.2    577  59  71      0 
     21000  0.0 340.0   128.9    178  21.4    18.2    577  59  71      0 
     21000  0.0 350.0   128.9    178  21.4    18.2    577  59  71      0 
     22000  0.0   0.0     0.0      0   0.0     0.0      0   0   0      0 
     22000  0.0  10.0     0.0      0   0.0     0.9    659   3   0      6 
     22000  0.0  20.0     0.0      0   1.7     2.6    640   7   0     14 
     22000  0.0  30.0     0.0      2   4.8     4.6    622  14   0     17 
     22000  0.0  40.0     0.0      7   6.4     6.6    607  21   0     15 
     22000  0.0  50.0     1.1     15   9.2     8.6    595  29   0     10 
     22000  0.0  60.0     7.9     27  11.4    10.3    588  37  74      2 
     22000  0.0  70.0    21.5     42  13.5    11.8    582  44  76      1 
     22000  0.0  80.0    38.3     60  15.3    13.2    577  48  77      0 
     22000  0.0  90.0    55.0     78  16.7    14.3    573  51  77      0 
     22000  0.0 100.0    71.1     96  18.0    15.3    570  53  77      0 
     22000  0.0 110.0    85.4    112  19.1    16.1    566  55  76      0 
     22000  0.0 120.0    98.9    127  19.9    16.9    563  55  74      0 
     22000  0.0 130.0   110.5    141  20.6    17.5    560  56  73      0 
     22000  0.0 140.0   120.3    152  21.2    18.0    558  57  72      0 
     22000  0.0 150.0   129.1    163  21.7    18.4    554  57  71      0 
     22000  0.0 160.0   136.7    173  22.1    18.8    551  57  70      0 
     22000  0.0 170.0   143.1    181  22.4    19.1    548  57  69      0 
     22000  0.0 180.0   147.8    188  22.7    19.4    544  57  68      0 
     22000  0.0 190.0   151.6    193  22.9    19.6    540  56  67      0 
     22000  0.0 200.0   154.8    198  23.1    19.8    536  56  67      0 
     22000  0.0 210.0   157.6    202  23.3    20.0    533  56  66      0 
     22000  0.0 220.0   159.9    206  23.4    20.1    531  56  66      0 
     22000  0.0 230.0   161.9    209  23.6    20.2    529  56  66      0 
     22000  0.0 240.0   163.5    211  23.7    20.3    527  56  65      0 
     22000  0.0 250.0   165.0    214  23.7    20.4    525  55  65      0 
     22000  0.0 260.0   166.2    216  23.8    20.5    524  55  65      0 
     22000  0.0 270.0   167.3    217  23.9    20.5    523  55  65      0 
     22000  0.0 280.0   168.2    219  23.9    20.6    522  55  65      0 
     22000  0.0 290.0   168.9    220  23.9    20.6    521  55  65      0 
     22000  0.0 300.0   168.9    220  23.9    20.6    521  55  65      0 
     22000  0.0 310.0   168.9    220  23.9    20.6    521  55  65      0 
     22000  0.0 320.0   168.9    220  23.9    20.6    521  55  65      0 
     22000  0.0 330.0   168.9    220  23.9    20.6    521  55  65      0 
     22000  0.0 340.0   168.9    220  23.9    20.6    521  55  65      0 
     22000  0.0 350.0   168.9    220  23.9    20.6    521  55  65      0 
     23000  0.0   0.0     0.0      0   0.0     0.0      0   0   0      0 
     23000  0.0  10.0     0.0      0   0.0     1.1    628   3   0      5 
     23000  0.0  20.0     0.0      1   3.9     3.6    603  10   0     21 
     23000  0.0  30.0     0.0      6   6.2     6.5    583  19   0     20 
     23000  0.0  40.0     2.6     18  10.1     9.3    570  31  72     14 
     23000  0.0  50.0    19.8     39  13.4    11.7    561  42  76      4 
     23000  0.0  60.0    46.6     67  16.1    13.9    556  49  77      1 
     23000  0.0  70.0    75.8     99  18.6    15.7    553  53  76      0 
     23000  0.0  80.0   104.5    130  20.4    17.3    550  55  73      0 
     23000  0.0  90.0   131.0    160  21.9    18.6    547  56  70      0 
     23000  0.0 100.0   154.8    187  23.0    19.7    544  57  67      0 
     23000  0.0 110.0   175.4    210  24.0    20.6    541  57  64      0 
     23000  0.0 120.0   192.9    231  24.7    21.4    537  57  62      0 
     23000  0.0 130.0   207.3    248  25.3    22.0    534  57  60      0 
     23000  0.0 140.0   219.1    262  25.8    22.5    530  57  59      0 
     23000  0.0 150.0   228.7    275  26.2    23.0    526  57  58      0 
     23000  0.0 160.0   236.4    285  26.5    23.3    523  57  57      0 
     23000  0.0 170.0   241.9    293  26.7    23.6    518  57  56      0 
     23000  0.0 180.0   246.4    300  27.0    23.9    515  56  55      0 
     23000  0.0 190.0   250.2    306  27.1    24.1    512  56  55      0 
     23000  0.0 200.0   253.4    311  27.3    24.3    509  56  54      0 
     23000  0.0 210.0   255.3    315  27.4    24.4    506  56  54      0 
     23000  0.0 220.0   256.4    318  27.5    24.5    502  55  54      0 
     23000  0.0 230.0   257.3    321  27.6    24.6    500  55  54      0 
     23000  0.0 240.0   258.0    323  27.6    24.7    497  55  53      0 
     23000  0.0 250.0   258.7    325  27.7    24.8    495  55  53      0 
     23000  0.0 260.0   259.2    327  27.8    24.9    493  55  53      0 
     23000  0.0 270.0   259.7    328  27.8    24.9    492  55  53      0 
     23000  0.0 280.0   260.0    329  27.8    24.9    491  54  53      0 
     23000  0.0 290.0   260.4    330  27.9    25.0    489  54  53      0 
     23000  0.0 300.0   260.4    330  27.9    25.0    489  54  53      0 
     23000  0.0 310.0   260.4    330  27.9    25.0    489  54  53      0 
     23000  0.0 320.0   260.4    330  27.9    25.0    489  54  53      0 
     23000  0.0 330.0   260.4    330  27.9    25.0    489  54  53      0 
     23000  0.0 340.0   260.4    330  27.9    25.0    489  54  53      0 
     23000  0.0 350.0   260.4    330  27.9    25.0    489  54  53      0 
     21001  0.0   0.0     0.0      0   0.0     0.0      0   0   0      0 
     21001  0.0  10.0     0.0      0   0.0     0.9    689   3   0      5 
     21001  0.0  20.0     0.0      0   1.2     2.3    673   8   0     13 
     21001  0.0  30.0     0.0      2   4.3     4.0    656  14   0     15 
     21001  0.0  40.0     0.0      4   5.1     5.7    642  21   0     10 
     21001  0.0  50.0     0.2     10   7.6     7.3    630  29   0     10 
     21001  0.0  60.0     2.0     17   9.6     8.8    621  35  75      4 
     21001  0.0  70.0     8.0     27  11.3    10.2    614  41  76      1 
     21001  0.0  80.0    17.9     39  13.0    11.4    608  45  77      1 
     21001  0.0  90.0    29.5     51  14.4    12.5    604  47  76      0 
     21001  0.0 100.0    41.3     64  15.6    13.4    600  49  75      0 
     21001  0.0 110.0    52.6     77  16.6    14.3    596  51  74      0 
     21001  0.0 120.0    63.4     89  17.5    15.0    592  52  73      0 
     21001  0.0 130.0    73.0    100  18.2    15.7    589  52  72      0 
     21001  0.0 140.0    81.5    110  18.8    16.2    585  52  71      0 
     21001  0.0 150.0    89.3    119  19.3    16.7    581  52  69      0 
     21001  0.0 160.0    96.3    128  19.8    17.2    577  53  68      0 
     21001  0.0 170.0   102.4    135  20.2    17.6    573  53  68      0 
     21001  0.0 180.0   107.4    142  20.5    17.9    568  53  67      0 
     21001  0.0 190.0   111.7    148  20.8    18.2    563  52  66      0 
     21001  0.0 200.0   115.5    154  21.0    18.5    559  52  65      0 
     21001  0.0 210.0   118.8    158  21.3    18.7    555  52  65      0 
     21001  0.0 220.0   121.7    162  21.4    18.9    551  52  64      0 
     21001  0.0 230.0   124.2    166  21.6    19.1    548  52  64      0 
     21001  0.0 240.0   126.5    170  21.7    19.3    545  52  64      0 
     21001  0.0 250.0   128.6    173  21.9    19.4    542  51  63      0 
     21001  0.0 260.0   130.5    176  22.0    19.6    540  51  63      0 
     21001  0.0 270.0   132.1    178  22.0    19.7    538  51  63      0 
     21001  0.0 280.0   133.6    180  22.1    19.8    536  51  63      0 
     21001  0.0 290.0   134.9    183  22.2    19.9    535  51  63      0 
     21001  0.0 300.0   134.9    183  22.2    19.9    535  51  63      0 
     21001  0.0 310.0   134.9    183  22.2    19.9    535  51  63      0 
     21001  0.0 320.0   134.9    183  22.2    19.9    535  51  63      0 
     21001  0.0 330.0   134.9    183  22.2    19.9    535  51  63      0 
     21001  0.0 340.0   134.9    183  22.2    19.9    535  51  63      0 
     21001  0.0 350.0   134.9    183  22.2    19.9    535  51  63      0 
     22001  0.0   0.0     0.0      0   0.0     0.0      0   0   0      0 
     22001  0.0  10.0     0.0      0   0.0     1.0    678   3   0      5 
     22001  0.0  20.0     0.0      0   2.3     2.7    659   9   0     15 
     22001  0.0  30.0     0.0      2   4.6     4.5    641  16   0     15 
     22001  0.0  40.0     0.1      7   6.3     6.4    627  24   0     14 
     22001  0.0  50.0     1.0     14   8.8     8.2    616  32   0      9 
     22001  0.0  60.0     6.2     25  11.0     9.9    608  39  76      3 
     22001  0.0  70.0    17.8     38  13.0    11.4    602  44  77      1 
     22001  0.0  80.0    31.9     54  14.7    12.7    597  48  76      0 
     22001  0.0  90.0    46.6     69  16.1    13.9    593  50  75      0 
     22001  0.0 100.0    61.2     85  17.3    14.9    589  51  73      0 
     22001  0.0 110.0    74.4    100  18.3    15.8    586  52  72      0 
     22001  0.0 120.0    86.5    114  19.2    16.5    582  53  70      0 
     22001  0.0 130.0    97.4    127  19.9    17.2    578  53  68      0 
     22001  0.0 140.0   107.0    139  20.4    17.8    574  53  67      0 
     22001  0.0 150.0   115.4    149  20.9    18.3    570  53  66      0 
     22001  0.0 160.0   122.7    158  21.4    18.7    566  53  65      0 
     22001  0.0 170.0   129.1    166  21.7    19.1    561  53  64      0 
     22001  0.0 180.0   134.6    173  22.0    19.5    557  53  63      0 
     22001  0.0 190.0   139.4    180  22.3    19.8    553  53  62      0 
     22001  0.0 200.0   143.4    185  22.5    20.0    549  52  61      0 
     22001  0.0 210.0   146.4    190  22.7    20.2    544  52  61      0 
     22001  0.0 220.0   148.9    195  22.8    20.5    540  52  60      0 
     22001  0.0 230.0   151.2    198  23.0    20.6    536  52  60      0 
     22001  0.0 240.0   153.2    202  23.1    20.8    533  51  60      0 
     22001  0.0 250.0   154.9    205  23.2    20.9    530  51  59      0 
     22001  0.0 260.0   156.5    207  23.3    21.1    527  51  59      0 
     22001  0.0 270.0   157.8    210  23.4    21.2    525  51  59      0 
     22001  0.0 280.0   159.0    212  23.5    21.3    523  51  59      0 
     22001  0.0 290.0   160.1    214  23.5    21.4    521  51  58      0 
     22001  0.0 300.0   160.1    214  23.5    21.4    521  51  58      0 
     22001  0.0 310.0   160.1    214  23.5    21.4    521  51  58      0 
     22001  0.0 320.0   160.1    214  23.5    21.4    521  51  58      0 
     22001  0.0 330.0   160.1    214  23.5    21.4    521  51  58      0 
     22001  0.0 340.0   160.1    214  23.5    21.4    521  51  58      0 
     22001  0.0 350.0   160.1    214  23.5    21.4    521  51  58      0 
     23001  0.0   0.0     0.0      0   0.0     0.0      0   0   0      0 
     23001  0.0  10.0     0.0      0   0.0     1.1    698   4   0      5 
     23001  0.0  20.0     0.0      1   3.2     3.1    676  11   0     19 
     23001  0.0  30.0     0.0      4   4.9     5.3    657  20   0     17 
     23001  0.0  40.0     0.2     11   7.9     7.5    643  30   0     15 
     23001  0.0  50.0     4.2     23  10.5     9.5    632  40  76      8 
     23001  0.0  60.0    18.5     40  13.0    11.4    624  46  77      3 
     23001  0.0  70.0    37.3     60  15.0    13.0    619  50  76      1 
     23001  0.0  80.0    57.4     81  16.8    14.4    615  53  74      0 
     23001  0.0  90.0    76.5    102  18.2    15.6    612  54  72      0 
     23001  0.0 100.0    94.6    123  19.4    16.7    608  55  70      0 
     23001  0.0 110.0   110.8    141  20.3    17.6    604  56  67      0 
     23001  0.0 120.0   125.4    158  21.1    18.4    600  56  65      0 
     23001  0.0 130.0   138.6    174  21.8    19.1    595  56  63      0 
     23001  0.0 140.0   149.7    187  22.3    19.7    591  56  62      0 
     23001  0.0 150.0   159.2    199  22.8    20.2    586  56  60      0 
     23001  0.0 160.0   167.3    209  23.2    20.7    582  56  59      0 
     23001  0.0 170.0   173.8    218  23.5    21.1    576  55  58      0 
     23001  0.0 180.0   179.4    226  23.7    21.4    571  55  57      0 
     23001  0.0 190.0   184.2    233  24.0    21.7    567  55  57      0 
     23001  0.0 200.0   188.3    239  24.2    21.9    563  55  56      0 
     23001  0.0 210.0   191.8    244  24.3    22.2    559  55  56      0 
     23001  0.0 220.0   194.4    248  24.5    22.4    555  54  55      0 
     23001  0.0 230.0   196.6    252  24.6    22.5    552  54  55      0 
     23001  0.0 240.0   198.6    256  24.7    22.7    549  54  55      0 
     23001  0.0 250.0   200.3    259  24.8    22.8    546  54  55      0 
     23001  0.0 260.0   201.7    262  24.9    22.9    543  53  54      0 
     23001  0.0 270.0   203.0    264  25.0    23.1    541  53  54      0 
     23001  0.0 280.0   204.1    266  25.0    23.2    539  53  54      0 
     23001  0.0 290.0   205.1    268  25.1    23.2    537  53  54      0 
     23001  0.0 300.0   205.1    268  25.1    23.2    537  53  54      0 
     23001  0.0 310.0   205.1    268  25.1    23.2    537  53  54      0 
     23001  0.0 320.0   205.1    268  25.1    23.2    537  53  54      0 
     23001  0.0 330.0   205.1    268  25.1    23.2    537  53  54      0 
     23001  0.0 340.0   205.1    268  25.1    23.2    537  53  54      0 
     23001  0.0 350.0   205.1    268  25.1    23.2    537  53  54      0 
     21002  0.0   0.0     0.0      0   0.0     0.0      0   0   0      0 
     21002  0.0  10.0     0.0      0   0.0     1.1    659   4   0      3 
     21002  0.0  20.0     0.0      1   3.6     3.5    635  14   0     15 
     21002  0.0  30.0     0.0      5   5.9     5.8    617  26   0     15 
     21002  0.0  40.0     0.2     13   9.0     8.1    603  37  69     14 
     21002  0.0  50.0     2.5     27  11.7    10.2    594  45  78      9 
     21002  0.0  60.0    10.6     43  14.1    12.2    588  49  77      6 
     21002  0.0  70.0    26.2     63  16.0    13.9    583  51  74      3 
     21002  0.0  80.0    45.2     82  17.7    15.4    580  52  71      2 
     21002  0.0  90.0    64.2    101  18.9    16.7    576  53  68      0 
     21002  0.0 100.0    81.9    120  20.0    17.8    572  53  65      0 
     21002  0.0 110.0    97.8    137  20.9    18.9    567  53  63      0 
     21002  0.0 120.0   111.8    152  21.6    19.8    563  53  60      0 
     21002  0.0 130.0   124.0    166  22.2    20.5    558  53  59      0 
     21002  0.0 140.0   134.7    178  22.8    21.2    552  53  57      0 
     21002  0.0 150.0   144.0    189  23.2    21.9    547  53  56      0 
     21002  0.0 160.0   152.1    199  23.6    22.4    541  53  55      0 
     21002  0.0 170.0   159.1    208  24.0    22.9    537  52  54      0 
     21002  0.0 180.0   165.4    216  24.3    23.3    532  52  53      0 
     21002  0.0 190.0   170.1    223  24.5    23.7    526  52  53      0 
     21002  0.0 200.0   174.3    230  24.8    24.1    521  51  52      0 
     21002  0.0 210.0   178.0    236  25.0    24.4    517  51  52      0 
     21002  0.0 220.0   181.4    241  25.2    24.7    513  51  51      0 
     21002  0.0 230.0   184.5    246  25.3    25.0    509  51  51      0 
     21002  0.0 240.0   187.2    250  25.5    25.2    506  50  51      0 
     21002  0.0 250.0   189.7    255  25.6    25.4    503  50  50      0 
     21002  0.0 260.0   192.0    258  25.8    25.6    500  50  50      0 
     21002  0.0 270.0   194.0    262  25.9    25.8    497  50  50      0 
     21002  0.0 280.0   195.9    265  26.0    26.0    494  50  50      0 
     21002  0.0 290.0   197.6    268  26.1    26.2    492  49  50      0 
     21002  0.0 300.0   197.6    268  26.1    26.2    492  49  50      0 
     21002  0.0 310.0   197.6    268  26.1    26.2    492  49  50      0 
     21002  0.0 320.0   197.6    268  26.1    26.2    492  49  50      0 
     21002  0.0 330.0   197.6    268  26.1    26.2    492  49  50      0 
     21002  0.0 340.0   197.6    268  26.1    26.2    492  49  50      0 
     21002  0.0 350.0   197.6    268  26.1    26.2    492  49  50      0 
     22002  0.0   0.0     0.0      0   0.0     0.0      0   0   0      0 
     22002  0.0  10.0     0.0      0   0.2     1.4    745   5   0      4 
     22002  0.0  20.0     0.0      2   4.5     4.5    714  21   0     21 
     22002  0.0  30.0     0.0     12   8.2     7.5    691  39   0     18 
     22002  0.0  40.0     3.0     31  11.8    10.3    678  51  78     13 
     22002  0.0  50.0    19.4     59  14.9    12.9    670  57  77      8 
     22002  0.0  60.0    50.2     91  17.5    15.1    665  60  72      5 
     22002  0.0  70.0    83.3    124  19.4    17.1    661  61  67      3 
     22002  0.0  80.0   114.6    157  20.9    18.8    656  61  63      1 
     22002  0.0  90.0   142.3    186  22.1    20.3    649  62  59      0 
     22002  0.0 100.0   166.5    213  23.1    21.5    642  62  56      0 
     22002  0.0 110.0   187.3    237  23.9    22.7    634  62  54      0 
     22002  0.0 120.0   205.2    258  24.6    23.6    626  61  52      0 
     22002  0.0 130.0   220.4    276  25.2    24.5    619  61  51      0 
     22002  0.0 140.0   233.2    292  25.7    25.2    611  61  50      0 
     22002  0.0 150.0   244.3    306  26.1    25.8    604  61  49      0 
     22002  0.0 160.0   253.6    319  26.5    26.4    597  60  48      0 
     22002  0.0 170.0   261.7    330  26.8    26.9    591  60  48      0 
     22002  0.0 180.0   268.6    340  27.1    27.3    586  60  47      0 
     22002  0.0 190.0   274.9    349  27.3    27.7    581  59  47      0 
     22002  0.0 200.0   280.6    357  27.6    28.1    576  59  46      0 
     22002  0.0 210.0   285.5    365  27.8    28.4    572  59  46      0 
     22002  0.0 220.0   289.7    372  27.9    28.7    567  59  46      0 
     22002  0.0 230.0   293.5    378  28.1    29.0    563  58  45      0 
     22002  0.0 240.0   296.9    384  28.2    29.2    559  58  45      0 
     22002  0.0 250.0   300.0    389  28.4    29.5    556  58  45      0 
     22002  0.0 260.0   302.7    394  28.5    29.7    552  58  45      0 
     22002  0.0 270.0   305.2    398  28.6    29.9    549  57  45      0 
     22002  0.0 280.0   307.5    403  28.8    30.1    547  57  44      0 
     22002  0.0 290.0   309.5    407  28.8    30.2    544  57  44      0 
     22002  0.0 300.0   309.5    407  28.8    30.2    544  57  44      0 
     22002  0.0 310.0   309.5    407  28.8    30.2    544  57  44      0 
     22002  0.0 320.0   309.5    407  28.8    30.2    544  57  44      0 
     22002  0.0 330.0   309.5    407  28.8    30.2    544  57  44      0 
     22002  0.0 340.0   309.5    407  28.8    30.2    544  57  44      0 
     22002  0.0 350.0   309.5    407  28.8    30.2    544  57  44      0 
     23002  0.0   0.0     0.0      0   0.0     0.0      0   0   0      0 
     23002  0.0  10.0     0.0      0   1.2     2.0    850   9   0     11 
     23002  0.0  20.0     0.0      7   6.2     6.0    809  35   0     25 
     23002  0.0  30.0     2.8     33  11.4    10.0    784  58  78     22 
     23002  0.0  40.0    35.2     80  15.8    13.6    773  67  76     14 
     23002  0.0  50.0    91.9    138  19.0    16.7    768  71  68      9 
     23002  0.0  60.0   149.3    196  21.4    19.4    761  72  61      4 
     23002  0.0  70.0   200.5    251  23.2    21.6    750  72  56      4 
     23002  0.0  80.0   244.1    300  24.6    23.6    736  72  52      4 
     23002  0.0  90.0   280.3    342  25.8    25.2    719  72  49      2 
     23002  0.0 100.0   309.4    378  26.7    26.6    703  71  48      0 
     23002  0.0 110.0   334.3    409  27.5    27.8    689  71  46      0 
     23002  0.0 120.0   355.1    436  28.2    28.8    677  71  45      0 
     23002  0.0 130.0   372.8    460  28.7    29.7    665  70  44      0 
     23002  0.0 140.0   387.9    481  29.2    30.5    656  70  43      0 
     23002  0.0 150.0   401.3    500  29.7    31.2    648  70  43      0 
     23002  0.0 160.0   412.9    516  30.0    31.8    640  70  42      0 
     23002  0.0 170.0   420.5    531  30.3    32.3    630  69  42      0 
     23002  0.0 180.0   427.8    545  30.6    32.8    621  68  41      0 
     23002  0.0 190.0   434.7    558  30.8    33.2    613  68  41      0 
     23002  0.0 200.0   441.3    569  31.0    33.6    607  67  41      0 
     23002  0.0 210.0   447.3    579  31.3    33.9    602  67  41      0 
     23002  0.0 220.0   452.9    589  31.4    34.2    597  66  41      0 
     23002  0.0 230.0   457.9    597  31.6    34.5    592  66  40      0 
     23002  0.0 240.0   462.5    606  31.8    34.7    588  66  40      0 
     23002  0.0 250.0   466.7    613  31.9    35.0    584  66  40      0 
     23002  0.0 260.0   470.8    621  32.1    35.2    580  65  40      0 
     23002  0.0 270.0   474.2    628  32.2    35.4    576  65  40      0 
     23002  0.0 280.0   477.3    634  32.4    35.6    572  65  40      0 
     23002  0.0 290.0   480.2    640  32.5    35.7    569  65  40      0 
     23002  0.0 300.0   480.2    640  32.5    35.7    569  65  40      0 
     23002  0.0 310.0   480.2    640  32.5    35.7    569  65  40      0 
     23002  0.0 320.0   480.2    640  32.5    35.7    569  65  40      0 
     23002  0.0 330.0   480.2    640  32.5    35.7    569  65  40      0 
     23002  0.0 340.0   480.2    640  32.5    35.7    569  65  40      0 
     23002  0.0 350.0   480.2    640  32.5    35.7    569  65  40      0 
     21003  0.0   0.0     0.0      0   0.0     0.0      0   0   0      0 
     21003  0.0  10.0     0.0      0   0.0     1.1    692   4   0      3 
     21003  0.0  20.0     0.0      1   3.4     3.3    669  14   0     15 
     21003  0.0  30.0     0.0      4   5.4     5.5    650  26   0     15 
     21003  0.0  40.0     0.1     12   8.5     7.7    636  37   0     15 
     21003  0.0  50.0     1.6     24  11.0     9.7    626  45  77     10 
     21003  0.0  60.0     7.3     39  13.3    11.5    618  50  78      6 
     21003  0.0  70.0    19.1     57  15.2    13.2    613  52  76      4 
     21003  0.0  80.0    36.8     76  16.9    14.6    609  54  73      2 
     21003  0.0  90.0    54.8     94  18.2    15.9    606  55  70      1 
     21003  0.0 100.0    72.1    112  19.2    17.0    602  55  67      0 
     21003  0.0 110.0    88.0    128  20.1    18.0    597  56  65      0 
     21003  0.0 120.0   102.3    144  20.9    18.9    592  56  62      0 
     21003  0.0 130.0   114.7    158  21.5    19.7    588  56  61      0 
     21003  0.0 140.0   125.6    170  22.1    20.4    583  55  59      0 
     21003  0.0 150.0   135.1    181  22.6    21.0    577  55  58      0 
     21003  0.0 160.0   143.4    191  23.0    21.5    572  55  57      0 
     21003  0.0 170.0   150.8    200  23.3    22.0    567  55  56      0 
     21003  0.0 180.0   156.2    209  23.6    22.4    559  54  55      0 
     21003  0.0 190.0   160.9    216  23.9    22.8    552  54  55      0 
     21003  0.0 200.0   165.1    222  24.1    23.2    547  54  54      0 
     21003  0.0 210.0   168.8    228  24.3    23.5    542  53  53      0 
     21003  0.0 220.0   172.2    233  24.5    23.8    537  53  53      0 
     21003  0.0 230.0   175.2    238  24.7    24.0    533  53  53      0 
     21003  0.0 240.0   178.0    243  24.8    24.3    529  52  52      0 
     21003  0.0 250.0   180.5    247  25.0    24.5    526  52  52      0 
     21003  0.0 260.0   182.8    251  25.1    24.7    523  52  52      0 
     21003  0.0 270.0   184.8    254  25.2    24.9    519  52  51      0 
     21003  0.0 280.0   186.7    258  25.3    25.1    516  51  51      0 
     21003  0.0 290.0   188.4    261  25.4    25.2    514  51  51      0 
     21003  0.0 300.0   188.4    261  25.4    25.2    514  51  51      0 
     21003  0.0 310.0   188.4    261  25.4    25.2    514  51  51      0 
     21003  0.0 320.0   188.4    261  25.4    25.2    514  51  51      0 
     21003  0.0 330.0   188.4    261  25.4    25.2    514  51  51      0 
     21003  0.0 340.0   188.4    261  25.4    25.2    514  51  51      0 
     21003  0.0 350.0   188.4    261  25.4    25.2    514  51  51      0 
     22003  0.0   0.0     0.0      0   0.0     0.0      0   0   0      0 
     22003  0.0  10.0     0.0      0   0.2     1.5    766   6   0      6 
     22003  0.0  20.0     0.0      3   4.5     4.6    735  23   0     20 
     22003  0.0  30.0     0.1     13   8.5     7.7    711  42   0     20 
     22003  0.0  40.0     3.7     34  12.1    10.6    697  54  78     13 
     22003  0.0  50.0    23.7     65  15.3    13.2    690  59  76      8 
     22003  0.0  60.0    57.3     99  17.8    15.5    685  62  71      5 
     22003  0.0  70.0    92.7    135  19.7    17.4    681  63  66      3 
     22003  0.0  80.0   125.4    169  21.2    19.2    675  63  62      1 
     22003  0.0  90.0   154.5    200  22.4    20.7    668  64  58      0 
     22003  0.0 100.0   179.7    228  23.4    21.9    660  64  56      0 
     22003  0.0 110.0   201.4    253  24.2    23.1    652  63  53      0 
     22003  0.0 120.0   220.0    275  24.9    24.0    643  63  52      0 
     22003  0.0 130.0   235.4    294  25.5    24.9    635  63  50      0 
     22003  0.0 140.0   248.8    311  26.0    25.6    627  63  49      0 
     22003  0.0 150.0   260.1    326  26.4    26.3    619  62  48      0 
     22003  0.0 160.0   270.1    339  26.8    26.8    613  62  48      0 
     22003  0.0 170.0   278.7    351  27.1    27.3    607  62  47      0 
     22003  0.0 180.0   286.0    361  27.4    27.8    601  62  46      0 
     22003  0.0 190.0   291.5    370  27.6    28.2    594  61  46      0 
     22003  0.0 200.0   296.5    379  27.8    28.5    588  61  46      0 
     22003  0.0 210.0   301.0    387  28.0    28.8    583  60  45      0 
     22003  0.0 220.0   305.3    394  28.2    29.1    578  60  45      0 
     22003  0.0 230.0   309.1    400  28.4    29.4    574  60  45      0 
     22003  0.0 240.0   312.5    406  28.5    29.7    570  60  45      0 
     22003  0.0 250.0   315.5    412  28.7    29.9    566  59  44      0 
     22003  0.0 260.0   318.3    417  28.8    30.1    563  59  44      0 
     22003  0.0 270.0   320.9    422  28.9    30.3    559  59  44      0 
     22003  0.0 280.0   323.3    426  29.0    30.5    556  58  44      0 
     22003  0.0 290.0   325.4    430  29.1    30.7    554  58  44      0 
     22003  0.0 300.0   325.4    430  29.1    30.7    554  58  44      0 
     22003  0.0 310.0   325.4    430  29.1    30.7    554  58  44      0 
     22003  0.0 320.0   325.4    430  29.1    30.7    554  58  44      0 
     22003  0.0 330.0   325.4    430  29.1    30.7    554  58  44      0 
     22003  0.0 340.0   325.4    430  29.1    30.7    554  58  44      0 
     22003  0.0 350.0   325.4    430  29.1    30.7    554  58  44      0 
     23003  0.0   0.0     0.0      0   0.0     0.0      0   0   0      0 
     23003  0.0  10.0     0.0      0   1.2     2.0    827   9   0     10 
     23003  0.0  20.0     0.0      7   6.2     6.0    788  34   0     24 
     23003  0.0  30.0     2.7     33  11.4    10.0    764  57  78     22 
     23003  0.0  40.0    34.2     78  15.8    13.6    753  66  76     14 
     23003  0.0  50.0    89.5    134  19.0    16.7    748  69  68      9 
     23003  0.0  60.0   145.5    191  21.4    19.4    741  70  61      4 
     23003  0.0  70.0   195.3    245  23.2    21.6    730  70  56      4 
     23003  0.0  80.0   237.7    292  24.6    23.6    717  70  52      3 
     23003  0.0  90.0   273.0    333  25.8    25.2    701  70  49      2 
     23003  0.0 100.0   301.4    368  26.7    26.6    685  70  48      0 
     23003  0.0 110.0   325.6    399  27.5    27.8    671  69  46      0 
     23003  0.0 120.0   345.9    425  28.2    28.8    659  69  45      0 
     23003  0.0 130.0   363.1    448  28.7    29.7    648  69  44      0 
     23003  0.0 140.0   377.8    469  29.2    30.5    639  68  43      0 
     23003  0.0 150.0   390.9    487  29.7    31.2    631  68  43      0 
     23003  0.0 160.0   402.2    503  30.0    31.8    623  68  42      0 
     23003  0.0 170.0   409.6    518  30.3    32.3    613  67  42      0 
     23003  0.0 180.0   416.7    531  30.6    32.8    605  66  41      0 
     23003  0.0 190.0   423.4    543  30.8    33.2    597  66  41      0 
     23003  0.0 200.0   429.8    554  31.0    33.6    592  65  41      0 
     23003  0.0 210.0   435.7    564  31.3    33.9    586  65  41      0 
     23003  0.0 220.0   441.1    573  31.4    34.2    581  65  41      0 
     23003  0.0 230.0   446.0    582  31.6    34.5    577  64  40      0 
     23003  0.0 240.0   450.4    590  31.8    34.7    573  64  40      0 
     23003  0.0 250.0   454.6    598  31.9    35.0    568  64  40      0 
     23003  0.0 260.0   458.5    605  32.1    35.2    565  64  40      0 
     23003  0.0 270.0   461.8    611  32.2    35.4    561  63  40      0 
     23003  0.0 280.0   464.9    618  32.4    35.6    557  63  40      0 
     23003  0.0 290.0   467.7    624  32.5    35.7    554  63  40      0 
     23003  0.0 300.0   467.7    624  32.5    35.7    554  63  40      0 
     23003  0.0 310.0   467.7    624  32.5    35.7    554  63  40      0 
     23003  0.0 320.0   467.7    624  32.5    35.7    554  63  40      0 
     23003  0.0 330.0   467.7    624  32.5    35.7    554  63  40      0 
     23003  0.0 340.0   467.7    624  32.5    35.7    554  63  40      0 
     23003  0.0 350.0   467.7    624  32.5    35.7    554  63  40      0 
     21004  0.0   0.0     0.0      0   0.0     0.0      0   0   0      0 
     21004  0.0  10.0     0.0      0   0.0     0.2    705   2   0      0 
     21004  0.0  20.0     0.0      0   0.0     1.5    696   7   0      0 
     21004  0.0  30.0     0.0      0   0.3     2.8    685  18   0      1 
     21004  0.0  40.0     0.0      1   3.5     4.4    674  33   0      1 
     21004  0.0  50.0     0.0      5   5.8     6.2    664  43   0      0 
     21004  0.0  60.0     0.1     12   8.6     8.0    656  47  93      0 
     21004  0.0  70.0     2.1     24  11.3     9.9    649  48  88      0 
     21004  0.0  80.0     8.1     38  13.6    11.7    643  48  80      0 
     21004  0.0  90.0    19.7     55  15.5    13.4    638  48  73      0 
     21004  0.0 100.0    34.8     73  17.0    15.0    633  48  66      0 
     21004  0.0 110.0    51.9     92  18.4    16.6    623  48  61      0 
     21004  0.0 120.0    69.7    111  19.7    18.0    608  48  57      0 
     21004  0.0 130.0    87.1    130  20.9    19.4    591  48  53      0 
     21004  0.0 140.0   104.2    148  21.9    20.6    572  47  50      0 
     21004  0.0 150.0   120.0    166  22.9    21.7    555  47  48      0 
     21004  0.0 160.0   134.4    183  23.8    22.8    540  47  45      0 
     21004  0.0 170.0   147.6    199  24.5    23.8    525  47  43      0 
     21004  0.0 180.0   159.7    213  25.2    24.7    511  46  42      0 
     21004  0.0 190.0   170.7    227  25.9    25.5    498  46  40      0 
     21004  0.0 200.0   180.7    240  26.5    26.3    486  45  39      0 
     21004  0.0 210.0   189.6    252  27.0    27.0    474  45  38      0 
     21004  0.0 220.0   197.6    264  27.5    27.7    463  45  37      0 
     21004  0.0 230.0   204.8    274  27.9    28.3    452  45  36      0 
     21004  0.0 240.0   211.2    284  28.3    28.9    443  44  36      0 
     21004  0.0 250.0   217.2    293  28.7    29.5    433  44  35      0 
     21004  0.0 260.0   222.3    302  29.1    30.0    425  44  34      0 
     21004  0.0 270.0   227.0    310  29.4    30.5    418  44  34      0 
     21004  0.0 280.0   231.2    318  29.7    30.9    410  43  33      0 
     21004  0.0 290.0   235.0    325  30.0    31.3    404  43  33      0 
     21004  0.0 300.0   235.0    325  30.0    31.3    404  43  33      0 
     21004  0.0 310.0   235.0    325  30.0    31.3    404  43  33      0 
     21004  0.0 320.0   235.0    325  30.0    31.3    404  43  33      0 
     21004  0.0 330.0   235.0    325  30.0    31.3    404  43  33      0 
     21004  0.0 340.0   235.0    325  30.0    31.3    404  43  33      0 
     21004  0.0 350.0   235.0    325  30.0    31.3    404  43  33      0 
     22004  0.0   0.0     0.0      0   0.0     0.0      0   0   0      0 
     22004  0.0  10.0     0.0      0   0.0     1.0    555   3   0      4 
     22004  0.0  20.0     0.0      0   2.5     2.8    539   7   0     13 
     22004  0.0  30.0     0.0      2   4.7     4.7    525  13   0     13 
     22004  0.0  40.0     0.1      6   6.7     6.7    513  21   0     11 
     22004  0.0  50.0     1.1     13   9.2     8.5    504  28  73      6 
     22004  0.0  60.0     7.0     23  11.4    10.2    498  33  76      2 
     22004  0.0  70.0    17.6     35  13.5    11.8    493  37  77      1 
     22004  0.0  80.0    30.4     48  15.2    13.1    489  40  76      0 
     22004  0.0  90.0    43.3     62  16.6    14.3    486  42  74      0 
     22004  0.0 100.0    55.7     76  17.8    15.3    483  42  73      0 
     22004  0.0 110.0    66.9     89  18.8    16.2    480  43  71      0 
     22004  0.0 120.0    77.3    101  19.6    17.0    477  43  69      0 
     22004  0.0 130.0    86.6    112  20.3    17.7    474  44  67      0 
     22004  0.0 140.0    94.6    121  20.9    18.2    470  44  66      0 
     22004  0.0 150.0   101.7    130  21.4    18.8    467  44  64      0 
     22004  0.0 160.0   108.0    138  21.8    19.2    463  44  63      0 
     22004  0.0 170.0   113.4    145  22.1    19.6    460  44  62      0 
     22004  0.0 180.0   117.8    151  22.4    19.9    456  43  61      0 
     22004  0.0 190.0   121.2    156  22.7    20.2    451  43  61      0 
     22004  0.0 200.0   124.1    160  22.9    20.5    447  43  60      0 
     22004  0.0 210.0   126.7    164  23.1    20.7    444  43  60      0 
     22004  0.0 220.0   128.9    168  23.2    20.9    441  43  59      0 
     22004  0.0 230.0   130.9    171  23.4    21.1    438  42  59      0 
     22004  0.0 240.0   132.6    174  23.5    21.2    436  42  58      0 
     22004  0.0 250.0   134.1    176  23.6    21.4    434  42  58      0 
     22004  0.0 260.0   135.5    178  23.7    21.5    432  42  58      0 
     22004  0.0 270.0   136.8    180  23.8    21.6    431  42  58      0 
     22004  0.0 280.0   137.9    182  23.9    21.7    429  42  57      0 
     22004  0.0 290.0   138.9    184  23.9    21.8    428  42  57      0 
     22004  0.0 300.0   138.9    184  23.9    21.8    428  42  57      0 
     22004  0.0 310.0   138.9    184  23.9    21.8    428  42  57      0 
     22004  0.0 320.0   138.9    184  23.9    21.8    428  42  57      0 
     22004  0.0 330.0   138.9    184  23.9    21.8    428  42  57      0 
     22004  0.0 340.0   138.9    184  23.9    21.8    428  42  57      0 
     22004  0.0 350.0   138.9    184  23.9    21.8    428  42  57      0 
     23004  0.0   0.0     0.0      0   0.0     0.0      0   0   0      0 
     23004  0.0  10.0     0.0      0   0.0     1.2    565   3   0      4 
     23004  0.0  20.0     0.0      1   3.8     3.6    545  10   0     17 
     23004  0.0  30.0     0.0      5   5.7     6.0    529  19   0     15 
     23004  0.0  40.0     1.1     13   9.1     8.5    517  28  71     12 
     23004  0.0  50.0    10.4     27  12.1    10.7    509  36  77      5 
     23004  0.0  60.0    27.5     45  14.7    12.7    504  41  77      1 
     23004  0.0  70.0    47.4     66  16.8    14.4    501  43  75      1 
     23004  0.0  80.0    66.7     88  18.6    15.9    498  45  72      0 
     23004  0.0  90.0    85.3    108  19.9    17.2    495  46  68      0 
     23004  0.0 100.0   102.2    128  21.1    18.4    492  46  65      0 
     23004  0.0 110.0   117.5    145  22.0    19.3    488  46  62      0 
     23004  0.0 120.0   130.6    160  22.7    20.1    484  46  60      0 
     23004  0.0 130.0   141.8    174  23.3    20.8    480  46  58      0 
     23004  0.0 140.0   151.4    186  23.8    21.4    475  46  57      0 
     23004  0.0 150.0   159.3    196  24.3    21.9    471  46  56      0 
     23004  0.0 160.0   165.9    204  24.6    22.4    467  46  55      0 
     23004  0.0 170.0   171.6    212  24.9    22.8    463  45  54      0 
     23004  0.0 180.0   175.6    218  25.2    23.1    458  45  53      0 
     23004  0.0 190.0   178.7    224  25.4    23.4    453  45  53      0 
     23004  0.0 200.0   181.4    229  25.6    23.6    449  44  52      0 
     23004  0.0 210.0   183.8    233  25.7    23.8    446  44  52      0 
     23004  0.0 220.0   185.8    236  25.8    24.0    443  44  52      0 
     23004  0.0 230.0   187.5    239  26.0    24.2    440  44  51      0 
     23004  0.0 240.0   189.0    242  26.1    24.3    438  44  51      0 
     23004  0.0 250.0   190.3    245  26.2    24.4    436  44  51      0 
     23004  0.0 260.0   191.6    247  26.2    24.6    434  43  51      0 
     23004  0.0 270.0   192.7    249  26.3    24.7    433  43  51      0 
     23004  0.0 280.0   193.6    251  26.4    24.8    432  43  50      0 
     23004  0.0 290.0   194.5    252  26.4    24.8    431  43  50      0 
     23004  0.0 300.0   194.5    252  26.4    24.8    431  43  50      0 
     23004  0.0 310.0   194.5    252  26.4    24.8    431  43  50      0 
     23004  0.0 320.0   194.5    252  26.4    24.8    431  43  50      0 
     23004  0.0 330.0   194.5    252  26.4    24.8    431  43  50      0 
     23004  0.0 340.0   194.5    252  26.4    24.8    431  43  50      0 
     23004  0.0 350.0   194.5    252  26.4    24.8    431  43  50      0 
     21005  0.0   0.0     0.0      0   0.0     0.0      0   0   0      0 
     21005  0.0  10.0     0.0      0   0.0     0.3    774   2   0      0 
     21005  0.0  20.0     0.0      0   0.0     1.7    764   9   0      0 
     21005  0.0  30.0     0.0      1   0.8     3.1    751  23   0      1 
     21005  0.0  40.0     0.0      2   4.3     4.9    738  41   0      1 
     21005  0.0  50.0     0.0      8   6.6     6.9    727  50   0      0 
     21005  0.0  60.0     0.5     19  10.0     8.9    718  53  92      0 
     21005  0.0  70.0     5.1     35  12.7    10.9    711  53  84      0 
     21005  0.0  80.0    15.9     54  14.9    12.8    705  53  75      0 
     21005  0.0  90.0    34.0     75  16.7    14.6    700  53  68      0 
     21005  0.0 100.0    54.0     98  18.2    16.3    689  53  62      0 
     21005  0.0 110.0    75.2    120  19.6    17.9    673  53  57      0 
     21005  0.0 120.0    96.0    143  20.9    19.4    653  53  53      0 
     21005  0.0 130.0   116.5    165  22.0    20.7    631  52  50      0 
     21005  0.0 140.0   135.3    185  23.0    21.9    611  52  47      0 
     21005  0.0 150.0   152.2    205  24.0    23.0    593  52  45      0 
     21005  0.0 160.0   167.8    223  24.8    24.1    576  51  43      0 
     21005  0.0 170.0   181.8    240  25.5    25.0    560  51  41      0 
     21005  0.0 180.0   194.5    256  26.2    25.9    545  50  40      0 
     21005  0.0 190.0   205.8    271  26.8    26.7    531  50  38      0 
     21005  0.0 200.0   216.1    285  27.4    27.5    517  50  37      0 
     21005  0.0 210.0   224.9    298  27.8    28.2    505  50  36      0 
     21005  0.0 220.0   232.9    310  28.2    28.8    493  49  36      0 
     21005  0.0 230.0   240.3    321  28.6    29.4    482  49  35      0 
     21005  0.0 240.0   246.6    331  29.0    30.0    473  49  34      0 
     21005  0.0 250.0   252.4    341  29.4    30.5    464  49  34      0 
     21005  0.0 260.0   257.4    350  29.8    31.0    455  48  33      0 
     21005  0.0 270.0   262.1    358  30.1    31.4    448  48  33      0 
     21005  0.0 280.0   266.3    366  30.4    31.8    441  48  32      0 
     21005  0.0 290.0   270.1    373  30.6    32.2    435  47  32      0 
     21005  0.0 300.0   270.1    373  30.6    32.2    435  47  32      0 
     21005  0.0 310.0   270.1    373  30.6    32.2    435  47  32      0 
     21005  0.0 320.0   270.1    373  30.6    32.2    435  47  32      0 
     21005  0.0 330.0   270.1    373  30.6    32.2    435  47  32      0 
     21005  0.0 340.0   270.1    373  30.6    32.2    435  47  32      0 
     21005  0.0 350.0   270.1    373  30.6    32.2    435  47  32      0 
     22005  0.0   0.0     0.0      0   0.0     0.0      0   0   0      0 
     22005  0.0  10.0     0.0      0   0.0     1.5    734   5   0      7 
     22005  0.0  20.0     0.0      1   3.9     3.6    708  12   0     28 
     22005  0.0  30.0     0.0      5   5.4     6.0    686  20   0     22 
     22005  0.0  40.0     0.0     15   8.8     8.3    671  29   0     16 
     22005  0.0  50.0     0.9     31  11.4    10.4    660  38  73      4 
     22005  0.0  60.0     6.5     51  13.7    12.2    652  43  73      1 
     22005  0.0  70.0    21.2     74  15.5    13.7    648  46  71      0 
     22005  0.0  80.0    43.9     98  17.0    15.1    644  47  69      0 
     22005  0.0  90.0    66.7    119  18.3    16.2    640  48  66      0 
     22005  0.0 100.0    88.3    140  19.3    17.2    636  49  64      0 
     22005  0.0 110.0   107.2    158  20.1    18.0    632  49  61      0 
     22005  0.0 120.0   123.6    174  20.7    18.7    627  49  59      0 
     22005  0.0 130.0   137.2    188  21.2    19.3    622  49  58      0 
     22005  0.0 140.0   148.5    200  21.6    19.8    617  49  56      0 
     22005  0.0 150.0   157.5    210  21.9    20.2    611  48  55      0 
     22005  0.0 160.0   164.7    219  22.2    20.6    604  48  55      0 
     22005  0.0 170.0   170.8    226  22.5    20.9    599  48  54      0 
     22005  0.0 180.0   175.1    233  22.7    21.1    592  48  53      0 
     22005  0.0 190.0   178.2    238  22.9    21.3    585  47  53      0 
     22005  0.0 200.0   180.8    242  23.1    21.5    580  47  53      0 
     22005  0.0 210.0   183.0    246  23.2    21.6    575  47  52      0 
     22005  0.0 220.0   184.8    249  23.3    21.7    571  46  52      0 
     22005  0.0 230.0   186.3    252  23.4    21.8    567  46  52      0 
     22005  0.0 240.0   187.6    254  23.5    21.9    564  46  52      0 
     22005  0.0 250.0   188.6    256  23.5    22.0    562  46  51      0 
     22005  0.0 260.0   189.5    257  23.6    22.1    560  46  51      0 
     22005  0.0 270.0   190.3    259  23.6    22.1    559  46  51      0 
     22005  0.0 280.0   190.9    260  23.7    22.1    557  46  51      0 
     22005  0.0 290.0   191.4    261  23.7    22.2    556  46  51      0 
     22005  0.0 300.0   191.4    261  23.7    22.2    556  46  51      0 
     22005  0.0 310.0   191.4    261  23.7    22.2    556  46  51      0 
     22005  0.0 320.0   191.4    261  23.7    22.2    556  46  51      0 
     22005  0.0 330.0   191.4    261  23.7    22.2    556  46  51      0 
     22005  0.0 340.0   191.4    261  23.7    22.2    556  46  51      0 
     22005  0.0 350.0   191.4    261  23.7    22.2    556  46  51      0 
     23005  0.0   0.0     0.0      0   0.0     0.0      0   0   0      0 
     23005  0.0  10.0     0.0      0   0.0     0.9    799   4   0      0 
     23005  0.0  20.0     0.0      1   1.7     3.4    780  27   0      1 
     23005  0.0  30.0     0.0      7   6.3     6.7    761  52   0      1 
     23005  0.0  40.0     3.3     30  11.8    10.2    749  56  87      0 
     23005  0.0  50.0    24.9     65  15.6    13.6    741  56  72      0 
     23005  0.0  60.0    61.9    106  18.5    16.7    727  56  61      0 
     23005  0.0  70.0   103.0    149  20.9    19.4    693  56  53      0 
     23005  0.0  80.0   142.5    190  22.9    21.8    655  56  47      0 
     23005  0.0  90.0   176.6    227  24.6    23.8    622  55  43      0 
     23005  0.0 100.0   206.0    261  26.0    25.7    593  55  40      0 
     23005  0.0 110.0   231.0    291  27.2    27.2    566  54  38      0 
     23005  0.0 120.0   251.6    317  28.1    28.6    542  54  36      0 
     23005  0.0 130.0   269.1    340  28.9    29.8    522  54  35      0 
     23005  0.0 140.0   283.9    361  29.7    30.9    505  53  33      0 
     23005  0.0 150.0   296.6    379  30.4    31.8    491  53  32      0 
     23005  0.0 160.0   307.9    395  30.9    32.7    480  53  31      0 
     23005  0.0 170.0   317.5    409  31.3    33.4    470  53  30      0 
     23005  0.0 180.0   325.9    422  31.8    34.1    461  52  30      0 
     23005  0.0 190.0   333.3    434  32.1    34.7    453  52  29      0 
     23005  0.0 200.0   339.0    444  32.4    35.2    445  52  29      0 
     23005  0.0 210.0   344.2    454  32.7    35.7    438  51  29      0 
     23005  0.0 220.0   348.6    462  33.0    36.2    432  51  28      0 
     23005  0.0 230.0   352.6    470  33.2    36.6    426  51  28      0 
     23005  0.0 240.0   355.9    477  33.4    37.0    421  50  28      0 
     23005  0.0 250.0   358.4    484  33.6    37.3    417  50  27      0 
     23005  0.0 260.0   360.8    490  33.8    37.6    413  50  27      0 
     23005  0.0 270.0   362.7    495  33.9    37.9    409  49  27      0 
     23005  0.0 280.0   363.8    500  34.1    38.2    404  49  27      0 
     23005  0.0 290.0   364.8    505  34.2    38.4    400  49  27      0 
     23005  0.0 300.0   364.8    505  34.2    38.4    400  49  27      0 
     23005  0.0 310.0   364.8    505  34.2    38.4    400  49  27      0 
     23005  0.0 320.0   364.8    505  34.2    38.4    400  49  27      0 
     23005  0.0 330.0   364.8    505  34.2    38.4    400  49  27      0 
     23005  0.0 340.0   364.8    505  34.2    38.4    400  49  27      0 
     23005  0.0 350.0   364.8    505  34.2    38.4    400  49  27      0 
     21006  0.0   0.0     0.0      0   0.0     0.0      0   0   0      0 
     21006  0.0  10.0     0.0      0   0.0     0.0    663   1   0      0 
     21006  0.0  20.0     0.0      0   0.1     1.0    656   4   0      0 
     21006  0.0  30.0     0.0      0   0.5     2.1    648  10   0      1 
     21006  0.0  40.0     0.0      1   1.8     3.4    638  23   0      1 
     21006  0.0  50.0     0.0      2   4.3     4.9    630  37   0      1 
     21006  0.0  60.0     0.0      6   6.3     6.5    622  47   0      0 
     21006  0.0  70.0     0.2     14   9.3     8.4    615  52  93      0 
     21006  0.0  80.0     3.0     25  11.9    10.0    609  53  90      0 
     21006  0.0  90.0     9.3     38  14.1    11.6    604  54  84      0 
     21006  0.0 100.0    20.2     54  15.9    13.1    600  54  77      0 
     21006  0.0 110.0    34.9     70  17.4    14.5    596  54  71      0 
     21006  0.0 120.0    50.1     87  18.8    15.8    592  53  66      0 
     21006  0.0 130.0    65.9    104  19.9    17.1    586  53  62      0 
     21006  0.0 140.0    81.4    121  20.9    18.3    579  53  59      0 
     21006  0.0 150.0    96.1    137  21.8    19.3    571  53  56      0 
     21006  0.0 160.0   110.2    152  22.6    20.3    562  52  53      0 
     21006  0.0 170.0   123.3    167  23.4    21.2    553  52  51      0 
     21006  0.0 180.0   135.2    181  24.1    22.1    544  52  49      0 
     21006  0.0 190.0   146.2    195  24.7    22.8    535  51  47      0 
     21006  0.0 200.0   156.1    207  25.2    23.5    527  51  46      0 
     21006  0.0 210.0   165.2    218  25.8    24.2    518  51  45      0 
     21006  0.0 220.0   173.4    229  26.2    24.8    509  50  44      0 
     21006  0.0 230.0   180.8    239  26.6    25.4    501  50  43      0 
     21006  0.0 240.0   187.4    248  27.0    25.9    493  50  42      0 
     21006  0.0 250.0   193.4    257  27.3    26.3    485  49  41      0 
     21006  0.0 260.0   198.7    265  27.7    26.8    478  49  40      0 
     21006  0.0 270.0   203.4    273  27.9    27.2    471  49  40      0 
     21006  0.0 280.0   207.8    280  28.2    27.6    465  48  39      0 
     21006  0.0 290.0   211.4    286  28.4    27.9    459  48  39      0 
     21006  0.0 300.0   211.4    286  28.4    27.9    459  48  39      0 
     21006  0.0 310.0   211.4    286  28.4    27.9    459  48  39      0 
     21006  0.0 320.0   211.4    286  28.4    27.9    459  48  39      0 
     21006  0.0 330.0   211.4    286  28.4    27.9    459  48  39      0 
     21006  0.0 340.0   211.4    286  28.4    27.9    459  48  39      0 
     21006  0.0 350.0   211.4    286  28.4    27.9    459  48  39      0 
     22006  0.0   0.0     0.0      0   0.0     0.0      0   0   0      0 
     22006  0.0  10.0     0.0      0   0.0     0.0    709   1   0      0 
     22006  0.0  20.0     0.0      0   0.3     1.5    700   6   0      0 
     22006  0.0  30.0     0.0      0   0.8     2.9    689  19   0      1 
     22006  0.0  40.0     0.0      2   4.1     4.8    678  38   0      1 
     22006  0.0  50.0     0.0      8   6.9     7.0    668  52   0      1 
     22006  0.0  60.0     1.0     19  10.4     9.0    660  57  92      0 
     22006  0.0  70.0     7.3     36  13.4    11.1    654  58  86      0 
     22006  0.0  80.0    21.0     56  15.8    13.0    649  58  78      0 
     22006  0.0  90.0    41.3     79  17.8    14.8    645  58  70      0 
     22006  0.0 100.0    63.2    102  19.4    16.5    638  58  64      0 
     22006  0.0 110.0    85.5    126  20.8    18.1    630  58  59      0 
     22006  0.0 120.0   106.9    149  22.0    19.5    620  57  55      0 
     22006  0.0 130.0   127.4    171  23.0    20.8    608  57  52      0 
     22006  0.0 140.0   146.0    192  24.0    22.0    596  57  49      0 
     22006  0.0 150.0   163.1    212  24.8    23.0    584  56  47      0 
     22006  0.0 160.0   178.4    230  25.6    24.0    572  56  45      0 
     22006  0.0 170.0   192.2    247  26.3    24.9    560  55  43      0 
     22006  0.0 180.0   204.5    263  26.9    25.7    548  55  42      0 
     22006  0.0 190.0   215.6    277  27.4    26.5    537  55  41      0 
     22006  0.0 200.0   225.3    290  27.9    27.1    526  54  40      0 
     22006  0.0 210.0   234.0    302  28.3    27.8    517  54  39      0 
     22006  0.0 220.0   241.7    314  28.7    28.3    508  54  38      0 
     22006  0.0 230.0   248.5    324  29.1    28.9    500  53  38      0 
     22006  0.0 240.0   254.6    333  29.4    29.3    493  53  37      0 
     22006  0.0 250.0   259.8    342  29.6    29.8    485  53  36      0 
     22006  0.0 260.0   264.4    350  29.9    30.2    479  53  36      0 
     22006  0.0 270.0   268.7    357  30.1    30.6    472  52  35      0 
     22006  0.0 280.0   272.2    364  30.4    30.9    467  52  35      0 
     22006  0.0 290.0   275.4    371  30.6    31.2    461  52  35      0 
     22006  0.0 300.0   275.4    371  30.6    31.2    461  52  35      0 
     22006  0.0 310.0   275.4    371  30.6    31.2    461  52  35      0 
     22006  0.0 320.0   275.4    371  30.6    31.2    461  52  35      0 
     22006  0.0 330.0   275.4    371  30.6    31.2    461  52  35      0 
     22006  0.0 340.0   275.4    371  30.6    31.2    461  52  35      0 
     22006  0.0 350.0   275.4    371  30.6    31.2    461  52  35      0 
     23006  0.0   0.0     0.0      0   0.0     0.0      0   0   0      0 
     23006  0.0  10.0     0.0      0   0.0     0.2    766   2   0      0 
     23006  0.0  20.0     0.0      0   0.6     2.2    753  13   0      1 
     23006  0.0  30.0     0.0      2   3.7     4.5    739  38   0      1 
     23006  0.0  40.0     0.1     10   7.6     7.3    725  58  91      1 
     23006  0.0  50.0     3.9     30  12.0    10.1    716  63  89      1 
     23006  0.0  60.0    20.4     58  15.5    12.8    709  63  79      0 
     23006  0.0  70.0    50.5     91  18.1    15.2    704  64  68      0 
     23006  0.0  80.0    84.1    126  20.2    17.5    695  63  61      0 
     23006  0.0  90.0   117.8    161  22.0    19.5    682  63  55      0 
     23006  0.0 100.0   149.8    195  23.5    21.3    664  63  50      0 
     23006  0.0 110.0   178.7    227  24.8    23.0    648  62  47      0 
     23006  0.0 120.0   204.7    257  25.9    24.4    629  62  44      0 
     23006  0.0 130.0   227.6    284  26.9    25.7    609  61  42      0 
     23006  0.0 140.0   247.7    309  27.7    26.9    591  61  40      0 
     23006  0.0 150.0   265.3    331  28.5    28.0    576  60  39      0 
     23006  0.0 160.0   280.8    352  29.1    28.9    562  60  37      0 
     23006  0.0 170.0   294.2    370  29.7    29.8    549  60  36      0 
     23006  0.0 180.0   306.2    387  30.2    30.6    538  59  35      0 
     23006  0.0 190.0   316.7    402  30.6    31.3    528  59  35      0 
     23006  0.0 200.0   325.8    416  31.0    31.9    518  59  34      0 
     23006  0.0 210.0   333.5    429  31.3    32.5    509  58  33      0 
     23006  0.0 220.0   340.4    440  31.7    33.1    502  58  33      0 
     23006  0.0 230.0   346.3    450  31.9    33.5    495  58  32      0 
     23006  0.0 240.0   351.3    460  32.2    34.0    489  57  32      0 
     23006  0.0 250.0   355.8    468  32.4    34.4    483  57  32      0 
     23006  0.0 260.0   359.7    476  32.6    34.7    478  57  32      0 
     23006  0.0 270.0   362.8    483  32.8    35.1    473  56  31      0 
     23006  0.0 280.0   365.3    490  33.0    35.4    468  56  31      0 
     23006  0.0 290.0   367.2    495  33.1    35.7    462  56  31      0 
     23006  0.0 300.0   367.2    495  33.1    35.7    462  56  31      0 
     23006  0.0 310.0   367.2    495  33.1    35.7    462  56  31      0 
     23006  0.0 320.0   367.2    495  33.1    35.7    462  56  31      0 
     23006  0.0 330.0   367.2    495  33.1    35.7    462  56  31      0 
     23006  0.0 340.0   367.2    495  33.1    35.7    462  56  31      0 
     23006  0.0 350.0   367.2    495  33.1    35.7    462  56  31      0 
     21007  0.0   0.0     0.0      0   0.0     0.0      0   0   0      0 
     21007  0.0  10.0     0.0      0   0.0     1.1    698   3   0      7 
     21007  0.0  20.0     0.0      0   1.2     2.4    680   7   0     17 
     21007  0.0  30.0     0.0      2   4.4     4.0    662  12   0     17 
     21007  0.0  40.0     0.0      4   5.1     5.6    647  17   0     15 
     21007  0.0  50.0     0.0      9   7.1     7.1    636  23   0      7 
     21007  0.0  60.0     0.0     15   9.1     8.5    626  28   0      2 
     21007  0.0  70.0     0.0     24  10.5     9.7    618  33  73      0 
     21007  0.0  80.0     1.6     34  12.0    10.8    612  36  73      0 
     21007  0.0  90.0     3.6     44  13.2    11.8    607  39  73      0 
     21007  0.0 100.0     9.3     54  14.2    12.6    603  41  72      0 
     21007  0.0 110.0    15.6     64  15.0    13.3    599  42  72      0 
     21007  0.0 120.0    22.2     73  15.7    14.0    596  43  71      0 
     21007  0.0 130.0    30.6     82  16.4    14.5    592  43  70      0 
     21007  0.0 140.0    37.8     90  16.9    15.0    589  43  69      0 
     21007  0.0 150.0    44.4     97  17.3    15.3    585  43  68      0 
     21007  0.0 160.0    50.0    102  17.7    15.7    582  43  67      0 
     21007  0.0 170.0    54.9    108  18.0    16.0    579  43  67      0 
     21007  0.0 180.0    59.3    112  18.2    16.2    574  43  66      0 
     21007  0.0 190.0    63.0    116  18.4    16.4    571  43  66      0 
     21007  0.0 200.0    66.2    120  18.6    16.6    567  43  65      0 
     21007  0.0 210.0    69.0    123  18.8    16.7    565  43  65      0 
     21007  0.0 220.0    71.3    125  18.9    16.9    563  43  65      0 
     21007  0.0 230.0    73.2    128  19.0    17.0    560  43  64      0 
     21007  0.0 240.0    74.8    129  19.1    17.1    558  43  64      0 
     21007  0.0 250.0    76.1    131  19.2    17.2    556  42  64      0 
     21007  0.0 260.0    77.3    132  19.3    17.2    554  42  64      0 
     21007  0.0 270.0    78.2    134  19.3    17.3    553  42  64      0 
     21007  0.0 280.0    79.1    135  19.4    17.3    551  42  63      0 
     21007  0.0 290.0    79.8    136  19.4    17.4    550  42  63      0 
     21007  0.0 300.0    79.8    136  19.4    17.4    550  42  63      0 
     21007  0.0 310.0    79.8    136  19.4    17.4    550  42  63      0 
     21007  0.0 320.0    79.8    136  19.4    17.4    550  42  63      0 
     21007  0.0 330.0    79.8    136  19.4    17.4    550  42  63      0 
     21007  0.0 340.0    79.8    136  19.4    17.4    550  42  63      0 
     21007  0.0 350.0    79.8    136  19.4    17.4    550  42  63      0 
     22007  0.0   0.0     0.0      0   0.0     0.0      0   0   0      0 
     22007  0.0  10.0     0.0      0   0.0     1.3    710   4   0      7 
     22007  0.0  20.0     0.0      1   2.8     3.0    688   9   0     22 
     22007  0.0  30.0     0.0      3   5.0     5.0    668  15   0     20 
     22007  0.0  40.0     0.0      8   6.8     6.9    653  22   0     16 
     22007  0.0  50.0     0.0     17   9.4     8.7    641  30  70      4 
     22007  0.0  60.0     0.9     30  11.4    10.4    632  36  73      1 
     22007  0.0  70.0     3.7     44  13.2    11.8    626  40  73      0 
     22007  0.0  80.0    13.0     61  14.7    13.0    621  43  72      0 
     22007  0.0  90.0    25.2     77  15.9    14.1    617  44  71      0 
     22007  0.0 100.0    40.3     92  16.9    15.0    613  45  69      0 
     22007  0.0 110.0    54.3    106  17.8    15.8    610  46  67      0 
     22007  0.0 120.0    67.7    119  18.5    16.4    606  46  66      0 
     22007  0.0 130.0    79.4    131  19.1    17.0    603  46  64      0 
     22007  0.0 140.0    89.6    141  19.5    17.5    599  46  63      0 
     22007  0.0 150.0    98.2    149  19.9    17.9    596  46  62      0 
     22007  0.0 160.0   105.4    157  20.2    18.2    591  46  61      0 
     22007  0.0 170.0   111.5    164  20.5    18.5    587  46  60      0 
     22007  0.0 180.0   116.7    169  20.7    18.8    584  46  59      0 
     22007  0.0 190.0   120.5    174  20.9    19.0    579  45  59      0 
     22007  0.0 200.0   123.1    178  21.0    19.2    572  45  58      0 
     22007  0.0 210.0   125.2    182  21.2    19.3    567  44  58      0 
     22007  0.0 220.0   127.1    185  21.3    19.4    562  44  57      0 
     22007  0.0 230.0   128.6    187  21.4    19.6    559  44  57      0 
     22007  0.0 240.0   129.9    189  21.4    19.6    555  44  57      0 
     22007  0.0 250.0   131.0    191  21.5    19.7    553  44  57      0 
     22007  0.0 260.0   131.9    192  21.6    19.8    550  43  56      0 
     22007  0.0 270.0   132.7    193  21.6    19.8    548  43  56      0 
     22007  0.0 280.0   133.3    195  21.7    19.9    547  43  56      0 
     22007  0.0 290.0   133.9    195  21.7    19.9    545  43  56      0 
     22007  0.0 300.0   133.9    195  21.7    19.9    545  43  56      0 
     22007  0.0 310.0   133.9    195  21.7    19.9    545  43  56      0 
     22007  0.0 320.0   133.9    195  21.7    19.9    545  43  56      0 
     22007  0.0 330.0   133.9    195  21.7    19.9    545  43  56      0 
     22007  0.0 340.0   133.9    195  21.7    19.9    545  43  56      0 
     22007  0.0 350.0   133.9    195  21.7    19.9    545  43  56      0 
     23007  0.0   0.0     0.0      0   0.0     0.0      0   0   0      0 
     23007  0.0  10.0     0.0      0   0.1     1.6    761   5   0      8 
     23007  0.0  20.0     0.0      2   4.2     3.9    732  13   0     30 
     23007  0.0  30.0     0.0      7   6.1     6.4    709  22   0     23 
     23007  0.0  40.0     0.0     19   9.5     8.9    693  33  72     14 
     23007  0.0  50.0     2.3     39  12.2    11.0    682  41  73      3 
     23007  0.0  60.0    13.2     64  14.6    12.9    676  46  72      1 
     23007  0.0  70.0    36.0     91  16.4    14.6    671  49  70      0 
     23007  0.0  80.0    63.1    118  18.0    16.0    667  50  67      0 
     23007  0.0  90.0    90.3    143  19.2    17.1    663  51  64      0 
     23007  0.0 100.0   114.4    166  20.1    18.1    658  51  61      0 
     23007  0.0 110.0   135.3    187  20.9    19.0    653  51  59      0 
     23007  0.0 120.0   152.6    204  21.5    19.7    647  51  57      0 
     23007  0.0 130.0   166.6    220  22.0    20.3    640  51  55      0 
     23007  0.0 140.0   178.0    233  22.4    20.8    632  51  54      0 
     23007  0.0 150.0   187.0    244  22.8    21.2    624  50  53      0 
     23007  0.0 160.0   194.3    253  23.1    21.5    617  50  52      0 
     23007  0.0 170.0   200.3    261  23.4    21.8    611  50  52      0 
     23007  0.0 180.0   204.7    267  23.6    22.1    604  49  51      0 
     23007  0.0 190.0   207.2    273  23.8    22.3    595  49  51      0 
     23007  0.0 200.0   209.2    277  23.9    22.4    588  49  51      0 
     23007  0.0 210.0   210.9    281  24.1    22.6    581  48  50      0 
     23007  0.0 220.0   212.4    284  24.2    22.7    576  48  50      0 
     23007  0.0 230.0   213.5    287  24.3    22.8    572  48  50      0 
     23007  0.0 240.0   214.5    289  24.3    22.9    569  48  50      0 
     23007  0.0 250.0   215.3    291  24.4    22.9    566  47  50      0 
     23007  0.0 260.0   216.0    293  24.4    23.0    563  47  50      0 
     23007  0.0 270.0   216.7    294  24.5    23.0    562  47  49      0 
     23007  0.0 280.0   217.4    295  24.5    23.1    561  47  49      0 
     23007  0.0 290.0   217.9    296  24.6    23.1    560  47  49      0 
     23007  0.0 300.0   217.9    296  24.6    23.1    560  47  49      0 
     23007  0.0 310.0   217.9    296  24.6    23.1    560  47  49      0 
     23007  0.0 320.0   217.9    296  24.6    23.1    560  47  49      0 
     23007  0.0 330.0   217.9    296  24.6    23.1    560  47  49      0 
     23007  0.0 340.0   217.9    296  24.6    23.1    560  47  49      0 
     23007  0.0 350.0   217.9    296  24.6    23.1    560  47  49      0 
     21008  0.0   0.0     0.0      0   0.0     0.0      0   0   0      0 
     21008  0.0  10.0     0.0      0   0.0     1.0    633   3   0      5 
     21008  0.0  20.0     0.0      0   2.3     2.7    615   8   0     14 
     21008  0.0  30.0     0.0      2   4.6     4.6    599  15   0     15 
     21008  0.0  40.0     0.1      6   6.4     6.5    586  23   0     13 
     21008  0.0  50.0     1.1     13   9.0     8.3    575  31  69      9 
     21008  0.0  60.0     6.5     24  11.1    10.0    568  37  76      2 
     21008  0.0  70.0    17.7     37  13.1    11.5    562  42  77      1 
     21008  0.0  80.0    31.4     52  14.8    12.8    557  45  76      0 
     21008  0.0  90.0    45.5     67  16.2    14.0    554  47  75      0 
     21008  0.0 100.0    59.3     82  17.5    15.0    551  48  73      0 
     21008  0.0 110.0    71.7     96  18.5    15.9    547  49  71      0 
     21008  0.0 120.0    83.3    109  19.3    16.7    544  49  70      0 
     21008  0.0 130.0    93.6    122  20.0    17.4    540  50  68      0 
     21008  0.0 140.0   102.6    132  20.6    17.9    536  50  66      0 
     21008  0.0 150.0   110.5    142  21.1    18.4    533  50  65      0 
     21008  0.0 160.0   117.5    151  21.5    18.9    529  50  64      0 
     21008  0.0 170.0   123.5    159  21.9    19.3    524  50  63      0 
     21008  0.0 180.0   128.7    165  22.2    19.6    521  49  62      0 
     21008  0.0 190.0   133.2    171  22.4    19.9    517  49  62      0 
     21008  0.0 200.0   135.2    176  22.6    20.2    508  49  61      0 
     21008  0.0 210.0   137.1    181  22.8    20.4    500  48  60      0 
     21008  0.0 220.0   138.8    185  23.0    20.6    494  47  60      0 
     21008  0.0 230.0   140.2    188  23.1    20.8    488  47  60      0 
     21008  0.0 240.0   141.6    191  23.2    20.9    483  47  59      0 
     21008  0.0 250.0   142.7    194  23.4    21.1    479  46  59      0 
     21008  0.0 260.0   143.8    197  23.5    21.2    476  46  59      0 
     21008  0.0 270.0   144.8    199  23.5    21.3    472  46  58      0 
     21008  0.0 280.0   145.6    201  23.6    21.4    470  46  58      0 
     21008  0.0 290.0   146.3    203  23.7    21.5    467  45  58      0 
     21008  0.0 300.0   146.3    203  23.7    21.5    467  45  58      0 
     21008  0.0 310.0   146.3    203  23.7    21.5    467  45  58      0 
     21008  0.0 320.0   146.3    203  23.7    21.5    467  45  58      0 
     21008  0.0 330.0   146.3    203  23.7    21.5    467  45  58      0 
     21008  0.0 340.0   146.3    203  23.7    21.5    467  45  58      0 
     21008  0.0 350.0   146.3    203  23.7    21.5    467  45  58      0 
     22008  0.0   0.0     0.0      0   0.0     0.0      0   0   0      0 
     22008  0.0  10.0     0.0      0   0.0     1.2    576   3   0      4 
     22008  0.0  20.0     0.0      1   3.7     3.5    556  10   0     17 
     22008  0.0  30.0     0.0      4   5.6     6.0    540  19   0     15 
     22008  0.0  40.0     1.0     12   9.0     8.4    527  28  69     12 
     22008  0.0  50.0     9.9     27  11.9    10.6    520  36  77      5 
     22008  0.0  60.0    26.8     45  14.5    12.6    514  41  77      1 
     22008  0.0  70.0    46.7     66  16.7    14.3    511  44  75      1 
     22008  0.0  80.0    66.1     87  18.4    15.8    507  45  72      0 
     22008  0.0  90.0    84.9    108  19.8    17.1    504  46  69      0 
     22008  0.0 100.0   101.8    128  20.9    18.2    501  47  66      0 
     22008  0.0 110.0   117.4    145  21.8    19.2    497  47  63      0 
     22008  0.0 120.0   130.6    161  22.6    20.0    494  47  61      0 
     22008  0.0 130.0   142.0    174  23.2    20.7    489  47  59      0 
     22008  0.0 140.0   151.8    186  23.7    21.3    485  47  57      0 
     22008  0.0 150.0   159.8    197  24.1    21.8    480  47  56      0 
     22008  0.0 160.0   166.5    205  24.5    22.2    476  46  55      0 
     22008  0.0 170.0   172.2    213  24.8    22.6    472  46  54      0 
     22008  0.0 180.0   176.8    220  25.1    23.0    468  46  54      0 
     22008  0.0 190.0   179.5    225  25.3    23.2    462  46  53      0 
     22008  0.0 200.0   181.7    230  25.4    23.5    457  45  53      0 
     22008  0.0 210.0   183.8    234  25.6    23.7    453  45  52      0 
     22008  0.0 220.0   185.5    238  25.7    23.9    449  45  52      0 
     22008  0.0 230.0   187.0    241  25.8    24.0    446  44  52      0 
     22008  0.0 240.0   188.3    244  26.0    24.2    443  44  51      0 
     22008  0.0 250.0   189.5    246  26.0    24.3    440  44  51      0 
     22008  0.0 260.0   190.5    248  26.1    24.4    438  44  51      0 
     22008  0.0 270.0   191.4    250  26.2    24.5    436  44  51      0 
     22008  0.0 280.0   192.2    252  26.2    24.6    435  43  51      0 
     22008  0.0 290.0   192.8    254  26.3    24.7    433  43  51      0 
     22008  0.0 300.0   192.8    254  26.3    24.7    433  43  51      0 
     22008  0.0 310.0   192.8    254  26.3    24.7    433  43  51      0 
     22008  0.0 320.0   192.8    254  26.3    24.7    433  43  51      0 
     22008  0.0 330.0   192.8    254  26.3    24.7    433  43  51      0 
     22008  0.0 340.0   192.8    254  26.3    24.7    433  43  51      0 
     22008  0.0 350.0   192.8    254  26.3    24.7    433  43  51      0 
     23008  0.0   0.0     0.0      0   0.0     0.0      0   0   0      0 
     23008  0.0  10.0     0.0      0   0.5     2.1    835   8   0     19 
     23008  0.0  20.0     0.0      5   5.1     5.5    796  21   0     36 
     23008  0.0  30.0     0.0     22   9.6     8.9    771  37  72     27 
     23008  0.0  40.0     6.1     56  13.5    12.0    757  49  73     16 
     23008  0.0  50.0    42.1    103  16.5    14.7    751  55  69      6 
     23008  0.0  60.0    95.1    153  18.9    16.9    746  57  65      2 
     23008  0.0  70.0   147.5    202  20.7    18.8    738  58  59      0 
     23008  0.0  80.0   191.8    246  22.1    20.4    727  58  55      3 
     23008  0.0  90.0   227.3    284  23.2    21.7    708  57  52     11 
     23008  0.0 100.0   254.7    316  24.2    22.7    686  57  50     17 
     23008  0.0 110.0   276.3    343  25.0    23.6    665  57  48     20 
     23008  0.0 120.0   292.3    365  25.7    24.3    647  57  47     14 
     23008  0.0 130.0   303.9    383  26.1    24.9    631  56  46      8 
     23008  0.0 140.0   312.7    397  26.5    25.4    618  56  45      2 
     23008  0.0 150.0   319.8    409  26.8    25.8    606  56  45      1 
     23008  0.0 160.0   324.5    418  27.1    26.2    595  55  44      0 
     23008  0.0 170.0   326.8    426  27.3    26.4    585  55  44      0 
     23008  0.0 180.0   328.7    432  27.5    26.7    576  54  43      0 
     23008  0.0 190.0   330.2    437  27.7    26.8    569  54  43      0 
     23008  0.0 200.0   331.5    441  27.8    27.0    564  54  43      0 
     23008  0.0 210.0   331.9    444  27.9    27.1    558  53  43      0 
     23008  0.0 220.0   331.7    447  28.0    27.2    553  53  43      0 
     23008  0.0 230.0   331.6    449  28.1    27.3    549  53  43      0 
     23008  0.0 240.0   331.5    451  28.1    27.4    545  53  43      0 
     23008  0.0 250.0   331.4    453  28.2    27.4    543  53  42      0 
     23008  0.0 260.0   331.3    454  28.2    27.5    540  52  42      0 
     23008  0.0 270.0   331.3    455  28.2    27.5    538  52  42      0 
     23008  0.0 280.0   331.2    456  28.3    27.5    537  52  42      0 
     23008  0.0 290.0   331.2    456  28.3    27.6    536  52  42      0 
     23008  0.0 300.0   331.2    456  28.3    27.6    536  52  42      0 
     23008  0.0 310.0   331.2    456  28.3    27.6    536  52  42      0 
     23008  0.0 320.0   331.2    456  28.3    27.6    536  52  42      0 
     23008  0.0 330.0   331.2    456  28.3    27.6    536  52  42      0 
     23008  0.0 340.0   331.2    456  28.3    27.6    536  52  42      0 
     23008  0.0 350.0   331.2    456  28.3    27.6    536  52  42      0 
     21009  0.0   0.0     0.0      0   0.0     0.0      0   0   0      0 
     21009  0.0  10.0     0.0      0   0.0     0.0    748   1   0      0 
     21009  0.0  20.0     0.0      0   0.0     1.4    738   6   0      0 
     21009  0.0  30.0     0.0      0   0.3     2.7    726  18   0      1 
     21009  0.0  40.0     0.0      1   3.4     4.4    714  35   0      1 
     21009  0.0  50.0     0.0      5   5.9     6.3    703  46   0      0 
     21009  0.0  60.0     0.1     14   8.9     8.2    694  50  93      0 
     21009  0.0  70.0     3.1     28  11.8    10.2    686  51  87      0 
     21009  0.0  80.0    11.5     45  14.2    12.2    681  51  78      0 
     21009  0.0  90.0    27.5     66  16.1    14.1    675  51  70      0 
     21009  0.0 100.0    46.7     88  17.8    15.9    667  51  63      0 
     21009  0.0 110.0    68.5    112  19.3    17.6    652  51  58      0 
     21009  0.0 120.0    90.6    136  20.8    19.2    631  51  54      0 
     21009  0.0 130.0   112.8    159  22.0    20.7    608  50  50      0 
     21009  0.0 140.0   133.3    182  23.2    22.1    586  50  47      0 
     21009  0.0 150.0   152.1    204  24.2    23.4    567  50  44      0 
     21009  0.0 160.0   169.4    224  25.1    24.6    549  49  42      0 
     21009  0.0 170.0   185.1    243  26.0    25.7    531  49  40      0 
     21009  0.0 180.0   199.1    261  26.8    26.7    515  49  38      0 
     21009  0.0 190.0   211.6    277  27.4    27.6    500  48  37      0 
     21009  0.0 200.0   222.5    293  28.0    28.5    485  48  36      0 
     21009  0.0 210.0   232.2    307  28.5    29.3    472  48  35      0 
     21009  0.0 220.0   240.7    319  29.0    30.0    461  48  34      0 
     21009  0.0 230.0   248.2    331  29.5    30.6    450  47  33      0 
     21009  0.0 240.0   254.8    342  30.0    31.3    441  47  33      0 
     21009  0.0 250.0   260.7    352  30.4    31.8    433  47  32      0 
     21009  0.0 260.0   266.0    361  30.7    32.3    426  46  31      0 
     21009  0.0 270.0   270.6    369  30.9    32.8    419  46  31      0 
     21009  0.0 280.0   274.5    377  31.2    33.2    413  46  30      0 
     21009  0.0 290.0   278.1    384  31.4    33.6    408  46  30      0 
     21009  0.0 300.0   278.1    384  31.4    33.6    408  46  30      0 
     21009  0.0 310.0   278.1    384  31.4    33.6    408  46  30      0 
     21009  0.0 320.0   278.1    384  31.4    33.6    408  46  30      0 
     21009  0.0 330.0   278.1    384  31.4    33.6    408  46  30      0 
     21009  0.0 340.0   278.1    384  31.4    33.6    408  46  30      0 
     21009  0.0 350.0   278.1    384  31.4    33.6    408  46  30      0 
     22009  0.0   0.0     0.0      0   0.0     0.0      0   0   0      0 
     22009  0.0  10.0     0.0      0   0.0     0.5    729   2   0      2 
     22009  0.0  20.0     0.0      0   2.4     2.6    711  12   0      9 
     22009  0.0  30.0     0.0      3   4.5     5.0    694  31   0      8 
     22009  0.0  40.0     0.1     13   8.3     7.9    680  47  86      6 
     22009  0.0  50.0     3.4     31  12.1    10.5    670  52  84      2 
     22009  0.0  60.0    17.6     57  15.2    13.0    664  54  76      1 
     22009  0.0  70.0    44.9     87  17.6    15.3    658  55  68      0 
     22009  0.0  80.0    76.6    120  19.7    17.4    647  55  62      0 
     22009  0.0  90.0   108.9    153  21.4    19.3    631  55  57      0 
     22009  0.0 100.0   139.2    184  22.9    21.1    614  55  53      0 
     22009  0.0 110.0   166.7    215  24.1    22.7    596  55  50      0 
     22009  0.0 120.0   191.2    243  25.2    24.1    578  54  47      0 
     22009  0.0 130.0   212.6    268  26.1    25.4    561  54  45      0 
     22009  0.0 140.0   231.3    292  26.9    26.6    545  54  43      0 
     22009  0.0 150.0   247.7    313  27.6    27.6    531  54  42      0 
     22009  0.0 160.0   262.0    332  28.3    28.6    520  53  40      0 
     22009  0.0 170.0   274.4    349  28.8    29.4    509  53  39      0 
     22009  0.0 180.0   285.5    365  29.3    30.2    499  53  39      0 
     22009  0.0 190.0   294.7    379  29.6    30.9    489  53  38      0 
     22009  0.0 200.0   302.8    391  30.0    31.6    482  52  37      0 
     22009  0.0 210.0   309.9    403  30.3    32.1    475  52  37      0 
     22009  0.0 220.0   315.8    413  30.6    32.6    470  52  36      0 
     22009  0.0 230.0   320.7    422  30.8    33.1    464  51  36      0 
     22009  0.0 240.0   324.9    430  31.0    33.5    459  51  36      0 
     22009  0.0 250.0   328.5    437  31.2    33.9    454  51  35      0 
     22009  0.0 260.0   331.6    444  31.3    34.2    450  51  35      0 
     22009  0.0 270.0   334.3    450  31.4    34.5    447  50  35      0 
     22009  0.0 280.0   336.0    455  31.6    34.8    443  50  35      0 
     22009  0.0 290.0   337.4    459  31.6    35.1    439  50  35      0 
     22009  0.0 300.0   337.4    459  31.6    35.1    439  50  35      0 
     22009  0.0 310.0   337.4    459  31.6    35.1    439  50  35      0 
     22009  0.0 320.0   337.4    459  31.6    35.1    439  50  35      0 
     22009  0.0 330.0   337.4    459  31.6    35.1    439  50  35      0 
     22009  0.0 340.0   337.4    459  31.6    35.1    439  50  35      0 
     22009  0.0 350.0   337.4    459  31.6    35.1    439  50  35      0 
     23009  0.0   0.0     0.0      0   0.0     0.0      0   0   0      0 
     23009  0.0  10.0     0.0      0   0.0     1.1    950   6   0      0 
     23009  0.0  20.0     0.0      1   3.1     4.2    923  42   0      1 
     23009  0.0  30.0     0.2     18   8.8     8.1    901  65  93      1 
     23009  0.0  40.0    15.0     58  14.2    12.2    888  67  78      0 
     23009  0.0  50.0    62.0    114  17.9    15.9    875  67  63      0 
     23009  0.0  60.0   120.3    174  20.8    19.3    831  67  54      0 
     23009  0.0  70.0   176.9    233  23.2    22.1    777  67  47      0 
     23009  0.0  80.0   225.2    286  25.1    24.5    732  66  42      0 
     23009  0.0  90.0   265.7    332  26.7    26.6    692  65  39      0 
     23009  0.0 100.0   298.9    373  28.0    28.4    656  65  36      0 
     23009  0.0 110.0   326.1    408  29.0    30.0    625  65  34      0 
     23009  0.0 120.0   348.7    438  30.0    31.3    601  64  33      0 
     23009  0.0 130.0   368.1    465  30.8    32.5    583  64  31      0 
     23009  0.0 140.0   384.6    488  31.4    33.5    568  64  30      0 
     23009  0.0 150.0   398.8    508  31.9    34.4    555  63  29      0 
     23009  0.0 160.0   410.5    526  32.4    35.1    543  63  29      0 
     23009  0.0 170.0   420.2    542  32.8    35.8    531  62  29      0 
     23009  0.0 180.0   428.8    556  33.1    36.4    523  62  28      0 
     23009  0.0 190.0   436.1    569  33.4    37.0    515  62  28      0 
     23009  0.0 200.0   442.1    580  33.7    37.5    509  61  27      0 
     23009  0.0 210.0   447.1    590  34.0    37.9    503  61  27      0 
     23009  0.0 220.0   450.9    599  34.1    38.3    496  61  27      0 
     23009  0.0 230.0   454.4    608  34.3    38.7    491  60  27      0 
     23009  0.0 240.0   456.8    615  34.5    39.0    484  60  27      0 
     23009  0.0 250.0   458.4    622  34.6    39.3    478  59  26      0 
     23009  0.0 260.0   459.8    628  34.8    39.6    473  59  26      0 
     23009  0.0 270.0   461.2    634  34.9    39.9    467  59  26      0 
     23009  0.0 280.0   461.6    639  35.0    40.1    463  58  26      0 
     23009  0.0 290.0   462.1    644  35.1    40.3    459  58  26      0 
     23009  0.0 300.0   462.1    644  35.1    40.3    459  58  26      0 
     23009  0.0 310.0   462.1    644  35.1    40.3    459  58  26      0 
     23009  0.0 320.0   462.1    644  35.1    40.3    459  58  26      0 
     23009  0.0 330.0   462.1    644  35.1    40.3    459  58  26      0 
     23009  0.0 340.0   462.1    644  35.1    40.3    459  58  26      0 
     23009  0.0 350.0   462.1    644  35.1    40.3    459  58  26      0 
